<?xml version="1.0" encoding="UTF-8"?>
<!-- Generated by org.testng.reporters.JUnitReportReporter -->
<testsuite hostname="Devil" failures="0" tests="2" name="advanceselenium.Testng" time="11.316" errors="0" timestamp="2023-12-26T08:43:49 IST" skipped="1">
  <testcase classname="advanceselenium.Testng" name="crickbuzz" time="11.316">
    <system-out>
      <![CDATA[welcome to amozon]]>
    </system-out>
  </testcase> <!-- crickbuzz -->
  <testcase classname="advanceselenium.Testng" name="amozon">
    <skipped/>
  </testcase> <!-- amozon -->
  <system-out>
    <![CDATA[welcome to amozon]]>
  </system-out>
</testsuite> <!-- advanceselenium.Testng -->
