<?xml version="1.0" encoding="UTF-8"?>
<!-- Generated by org.testng.reporters.JUnitReportReporter -->
<testsuite hostname="Devil" failures="0" tests="1" name="bikes.Bmw" time="5.912" errors="0" timestamp="2023-12-27T08:39:08 IST" skipped="0">
  <testcase classname="bikes.Bmw" name="Bmw1" time="5.912">
    <system-out>
      <![CDATA[welcome bmw]]>
    </system-out>
  </testcase> <!-- Bmw1 -->
  <system-out>
    <![CDATA[welcome bmw]]>
  </system-out>
</testsuite> <!-- bikes.Bmw -->
