<?xml version="1.0" encoding="UTF-8"?>
<!-- Generated by org.testng.reporters.JUnitReportReporter -->
<testsuite hostname="Devil" failures="0" tests="4" name="advanceselenium.Dataprovider" time="20.239" errors="0" timestamp="2023-12-28T08:59:06 IST" skipped="0">
  <testcase classname="advanceselenium.Dataprovider" name="login" time="7.060"/>
  <testcase classname="advanceselenium.Dataprovider" name="login" time="4.036"/>
  <testcase classname="advanceselenium.Dataprovider" name="login" time="4.201"/>
  <testcase classname="advanceselenium.Dataprovider" name="login" time="4.942"/>
</testsuite> <!-- advanceselenium.Dataprovider -->
