<?xml version="1.0" encoding="UTF-8"?>
<!-- Generated by org.testng.reporters.JUnitReportReporter -->
<testsuite hostname="Devil" failures="0" tests="3" name="yas.Testng" time="0.021" errors="0" timestamp="2023-12-25T09:23:03 IST" skipped="0">
  <testcase classname="yas.Testng" name="baskkinrobbins" time="0.003">
    <system-out>
      <![CDATA[welcome to baskinsrobbins]]>
    </system-out>
  </testcase> <!-- baskkinrobbins -->
  <testcase classname="yas.Testng" name="crickbuzz" time="0.002">
    <system-out>
      <![CDATA[welcome to amozon]]>
    </system-out>
  </testcase> <!-- crickbuzz -->
  <testcase classname="yas.Testng" name="amozon" time="0.016">
    <system-out>
      <![CDATA[welcome of amazon]]>
    </system-out>
  </testcase> <!-- amozon -->
  <system-out>
    <![CDATA[welcome of amazon
welcome to baskinsrobbins
welcome to amozon]]>
  </system-out>
</testsuite> <!-- yas.Testng -->
