<?xml version="1.0" encoding="UTF-8"?>
<!-- Generated by org.testng.reporters.JUnitReportReporter -->
<testsuite hostname="Devil" failures="0" tests="1" name="yas.SA" time="5.201" errors="0" timestamp="2023-12-28T22:41:17 IST" skipped="0">
  <testcase classname="yas.SA" name="run" time="5.201"/>
</testsuite> <!-- yas.SA -->
