<?xml version="1.0" encoding="UTF-8"?>
<!-- Generated by org.testng.reporters.JUnitReportReporter -->
<testsuite hostname="Devil" failures="0" tests="1" name="bikes.Ferreari" time="13.067" errors="0" timestamp="2024-01-08T12:00:45 IST" skipped="0">
  <testcase classname="bikes.Ferreari" name="ferre" time="13.067"/>
</testsuite> <!-- bikes.Ferreari -->
