<?xml version="1.0" encoding="UTF-8"?>
<!-- Generated by org.testng.reporters.JUnitReportReporter -->
<testsuite hostname="Devil" failures="0" tests="1" name="advanceselenium.Tc_dws_008" time="12.895" errors="0" timestamp="2023-12-28T22:17:03 IST" skipped="0">
  <testcase classname="advanceselenium.Tc_dws_008" name="book" time="12.895"/>
  <system-out>
    <![CDATA[launch the browser
launch the browser
windows maximize successfully
windows maximize successfully
successsfully open url
successsfully open url
login click is succesfully
login click is succesfully
entered email is successfully
entered email is successfully
entered password is successfully
entered password is successfully
login button click   successfully
login button click   successfully
logout successfully
close the brower
logout successfully
close the brower
browser successfully closed 
browser successfully closed 
launch the browser
windows maximize successfully
successsfully open url]]>
  </system-out>
</testsuite> <!-- advanceselenium.Tc_dws_008 -->
