<?xml version="1.0" encoding="UTF-8"?>
<!-- Generated by org.testng.reporters.JUnitReportReporter -->
<testsuite hostname="Devil" failures="0" tests="1" name="advanceselenium.Configurationtestng" time="0.014" errors="0" timestamp="2024-01-08T12:31:11 IST" skipped="0">
  <testcase classname="advanceselenium.Configurationtestng" name="configua" time="0.014">
    <system-out>
      <![CDATA[completed configuration]]>
    </system-out>
  </testcase> <!-- configua -->
  <system-out>
    <![CDATA[before suite
before test
before calss
before method
completed configuration
after method
after class
after test
after suite]]>
  </system-out>
</testsuite> <!-- advanceselenium.Configurationtestng -->
