<?xml version="1.0" encoding="UTF-8"?>
<!-- Generated by org.testng.reporters.JUnitReportReporter -->
<testsuite hostname="Devil" failures="0" tests="3" name="advanceselenium.Dependonmethod" time="0.015" errors="0" timestamp="2023-12-27T08:22:54 IST" skipped="0">
  <testcase classname="advanceselenium.Dependonmethod" name="deleteAccount" time="0.002">
    <system-out>
      <![CDATA[delete account]]>
    </system-out>
  </testcase> <!-- deleteAccount -->
  <testcase classname="advanceselenium.Dependonmethod" name="editAccount" time="0.001">
    <system-out>
      <![CDATA[edit account]]>
    </system-out>
  </testcase> <!-- editAccount -->
  <testcase classname="advanceselenium.Dependonmethod" name="createAccount" time="0.012">
    <system-out>
      <![CDATA[creata account]]>
    </system-out>
  </testcase> <!-- createAccount -->
  <system-out>
    <![CDATA[creata account
edit account
delete account]]>
  </system-out>
</testsuite> <!-- advanceselenium.Dependonmethod -->
