<?xml version="1.0" encoding="UTF-8"?>
<!-- Generated by org.testng.reporters.JUnitReportReporter -->
<testsuite hostname="Devil" failures="0" tests="3" name="advanceselenium.Tc_dws_006" time="96.429" errors="1" timestamp="2023-12-28T09:30:21 IST" skipped="1">
  <testcase classname="advanceselenium.Tc_dws_006" name="book" time="0.000">
    <skipped/>
  </testcase> <!-- book -->
  <testcase classname="advanceselenium.Tc_dws_006" name="book" time="33.631"/>
  <testcase classname="advanceselenium.Tc_dws_006" name="login" time="62.798">
    <error message="disconnected: not connected to DevTools
  (failed to check if window was closed: disconnected: not connected to DevTools)
  (Session info: MicrosoftEdge=120.0.2210.91)
Build info: version: &#039;4.13.0&#039;, revision: &#039;ba948ece5b*&#039;
System info: os.name: &#039;Windows 11&#039;, os.arch: &#039;amd64&#039;, os.version: &#039;10.0&#039;, java.version: &#039;20.0.2&#039;
Driver info: org.openqa.selenium.edge.EdgeDriver
Command: [65ebd277e8b69abc38d0f8779022f9cb, findElement {using=link text, value=Log in}]
Capabilities {acceptInsecureCerts: false, browserName: MicrosoftEdge, browserVersion: 120.0.2210.91, fedcm:accounts: true, ms:edgeOptions: {debuggerAddress: localhost:50067}, msedge: {msedgedriverVersion: 120.0.2210.91 (f469d579f138..., userDataDir: C:\Users\pc495\AppData\Loca...}, networkConnectionEnabled: false, pageLoadStrategy: normal, platformName: windows, proxy: Proxy(), se:cdp: ws://localhost:50067/devtoo..., se:cdpVersion: 120.0.2210.91, setWindowRect: true, strictFileInteractability: false, timeouts: {implicit: 0, pageLoad: 300000, script: 30000}, unhandledPromptBehavior: dismiss and notify, webauthn:extension:credBlob: true, webauthn:extension:largeBlob: true, webauthn:extension:minPinLength: true, webauthn:extension:prf: true, webauthn:virtualAuthenticators: true}
Session ID: 65ebd277e8b69abc38d0f8779022f9cb" type="org.openqa.selenium.WebDriverException">
      <![CDATA[org.openqa.selenium.WebDriverException: disconnected: not connected to DevTools
  (failed to check if window was closed: disconnected: not connected to DevTools)
  (Session info: MicrosoftEdge=120.0.2210.91)
Build info: version: '4.13.0', revision: 'ba948ece5b*'
System info: os.name: 'Windows 11', os.arch: 'amd64', os.version: '10.0', java.version: '20.0.2'
Driver info: org.openqa.selenium.edge.EdgeDriver
Command: [65ebd277e8b69abc38d0f8779022f9cb, findElement {using=link text, value=Log in}]
Capabilities {acceptInsecureCerts: false, browserName: MicrosoftEdge, browserVersion: 120.0.2210.91, fedcm:accounts: true, ms:edgeOptions: {debuggerAddress: localhost:50067}, msedge: {msedgedriverVersion: 120.0.2210.91 (f469d579f138..., userDataDir: C:\Users\pc495\AppData\Loca...}, networkConnectionEnabled: false, pageLoadStrategy: normal, platformName: windows, proxy: Proxy(), se:cdp: ws://localhost:50067/devtoo..., se:cdpVersion: 120.0.2210.91, setWindowRect: true, strictFileInteractability: false, timeouts: {implicit: 0, pageLoad: 300000, script: 30000}, unhandledPromptBehavior: dismiss and notify, webauthn:extension:credBlob: true, webauthn:extension:largeBlob: true, webauthn:extension:minPinLength: true, webauthn:extension:prf: true, webauthn:virtualAuthenticators: true}
Session ID: 65ebd277e8b69abc38d0f8779022f9cb
at java.base/jdk.internal.reflect.DirectConstructorHandleAccessor.newInstance(DirectConstructorHandleAccessor.java:67)
at java.base/java.lang.reflect.Constructor.newInstanceWithCaller(Constructor.java:500)
at java.base/java.lang.reflect.Constructor.newInstance(Constructor.java:484)
at org.openqa.selenium.remote.codec.w3c.W3CHttpResponseCodec.createException(W3CHttpResponseCodec.java:200)
at org.openqa.selenium.remote.codec.w3c.W3CHttpResponseCodec.decode(W3CHttpResponseCodec.java:133)
at org.openqa.selenium.remote.codec.w3c.W3CHttpResponseCodec.decode(W3CHttpResponseCodec.java:52)
at org.openqa.selenium.remote.HttpCommandExecutor.execute(HttpCommandExecutor.java:191)
at org.openqa.selenium.remote.service.DriverCommandExecutor.invokeExecute(DriverCommandExecutor.java:196)
at org.openqa.selenium.remote.service.DriverCommandExecutor.execute(DriverCommandExecutor.java:171)
at org.openqa.selenium.remote.RemoteWebDriver.execute(RemoteWebDriver.java:602)
at org.openqa.selenium.remote.ElementLocation$ElementFinder$2.findElement(ElementLocation.java:165)
at org.openqa.selenium.remote.ElementLocation.findElement(ElementLocation.java:59)
at org.openqa.selenium.remote.RemoteWebDriver.findElement(RemoteWebDriver.java:359)
at org.openqa.selenium.remote.RemoteWebDriver.findElement(RemoteWebDriver.java:353)
at advanceselenium.Baseclass.login(Baseclass.java:40)
at java.base/jdk.internal.reflect.DirectMethodHandleAccessor.invoke(DirectMethodHandleAccessor.java:104)
at java.base/java.lang.reflect.Method.invoke(Method.java:578)
at org.testng.internal.invokers.MethodInvocationHelper.invokeMethod(MethodInvocationHelper.java:139)
at org.testng.internal.invokers.MethodInvocationHelper.invokeMethodConsideringTimeout(MethodInvocationHelper.java:69)
at org.testng.internal.invokers.ConfigInvoker.invokeConfigurationMethod(ConfigInvoker.java:390)
at org.testng.internal.invokers.ConfigInvoker.invokeConfigurations(ConfigInvoker.java:325)
at org.testng.internal.invokers.TestInvoker.runConfigMethods(TestInvoker.java:810)
at org.testng.internal.invokers.TestInvoker.invokeMethod(TestInvoker.java:577)
at org.testng.internal.invokers.TestInvoker.invokeTestMethod(TestInvoker.java:227)
at org.testng.internal.invokers.MethodRunner.runInSequence(MethodRunner.java:50)
at org.testng.internal.invokers.TestInvoker$MethodInvocationAgent.invoke(TestInvoker.java:957)
at org.testng.internal.invokers.TestInvoker.invokeTestMethods(TestInvoker.java:200)
at org.testng.internal.invokers.TestMethodWorker.invokeTestMethods(TestMethodWorker.java:148)
at org.testng.internal.invokers.TestMethodWorker.run(TestMethodWorker.java:128)
at java.base/java.util.concurrent.ThreadPoolExecutor.runWorker(ThreadPoolExecutor.java:1144)
at java.base/java.util.concurrent.ThreadPoolExecutor$Worker.run(ThreadPoolExecutor.java:642)
at java.base/java.lang.Thread.run(Thread.java:1623)
]]>
    </error>
    <system-out>
      <![CDATA[successsfully open url]]>
    </system-out>
  </testcase> <!-- login -->
  <system-out>
    <![CDATA[launch the browser
windows maximize successfully
launch the browser
windows maximize successfully
launch the browser
windows maximize successfully
successsfully open url
successsfully open url
successsfully open url
launch the browser
launch the browser
windows maximize successfully
windows maximize successfully
login click is succesfully
entered email is successfully
login click is succesfully
entered password is successfully
entered email is successfully
entered password is successfully
launch the browser
windows maximize successfully
login button click   successfully
launch the browser
windows maximize successfully
launch the browser
launch the browser
login click is succesfully
windows maximize successfully
login button click   successfully
windows maximize successfully
successsfully open url
entered email is successfully
launch the browser
entered password is successfully
windows maximize successfully
successsfully open url
successsfully open url
successsfully open url
successsfully open url
login button click   successfully
successsfully open url
logout successfully
close the brower
successsfully open url
logout successfully
close the brower
login click is succesfully
login click is succesfully
entered email is successfully
browser successfully closed 
entered email is successfully
entered password is successfully
entered password is successfully
browser successfully closed 
login button click   successfully
login button click   successfully
logout successfully
close the brower
login click is succesfully
entered email is successfully
entered password is successfully
browser successfully closed 
login click is succesfully
login click is succesfully
entered email is successfully
login button click   successfully
entered email is successfully
entered password is successfully
entered password is successfully
logout successfully
close the brower
browser successfully closed 
login click is succesfully
entered email is successfully
logout successfully
login button click   successfully
close the brower
login button click   successfully
entered password is successfully
browser successfully closed 
login click is succesfully
entered email is successfully
entered password is successfully
login button click   successfully
logout successfully
close the brower
browser successfully closed 
logout successfully
close the brower
login button click   successfully
logout successfully
close the brower
browser successfully closed 
browser successfully closed 
logout successfully
close the brower
browser successfully closed 
logout successfully
close the brower
browser successfully closed 
launch the browser
windows maximize successfully
successsfully open url
launch the browser
windows maximize successfully
launch the browser
windows maximize successfully
launch the browser
windows maximize successfully
launch the browser
windows maximize successfully
launch the browser
launch the browser
launch the browser
launch the browser
launch the browser
windows maximize successfully
windows maximize successfully
windows maximize successfully
windows maximize successfully
windows maximize successfully
successsfully open url
login click is succesfully
entered email is successfully
entered password is successfully
successsfully open url
successsfully open url
login click is succesfully
login click is succesfully
entered email is successfully
entered email is successfully
entered password is successfully
entered password is successfully
login button click   successfully
login button click   successfully
successsfully open url
successsfully open url
successsfully open url
successsfully open url
login button click   successfully]]>
  </system-out>
</testsuite> <!-- advanceselenium.Tc_dws_006 -->
